<?xml version="1.0" encoding="UTF-8"?>
<testng-results ignored="0" total="1" passed="1" failed="0" skipped="0">
  <reporter-output>
  </reporter-output>
  <suite started-at="2023-10-20T13:48:36 WAT" name="Default suite" finished-at="2023-10-20T13:51:18 WAT" duration-ms="161688">
    <groups>
    </groups>
    <test started-at="2023-10-20T13:48:36 WAT" name="Default test" finished-at="2023-10-20T13:51:18 WAT" duration-ms="161688">
      <class name="Greenmouse.Pikaboo.tests.AdminCreateZone">
        <test-method signature="adminAddZone()[pri:0, instance:Greenmouse.Pikaboo.tests.AdminCreateZone@7ee955a8]" started-at="2023-10-20T13:48:36 WAT" name="adminAddZone" finished-at="2023-10-20T13:51:18 WAT" duration-ms="161640" status="PASS">
          <reporter-output>
          </reporter-output>
        </test-method> <!-- adminAddZone -->
      </class> <!-- Greenmouse.Pikaboo.tests.AdminCreateZone -->
    </test> <!-- Default test -->
  </suite> <!-- Default suite -->
</testng-results>
